-------------------------------------------------------------------------------
Test set: bgu.spl.mics.SquadTest
-------------------------------------------------------------------------------
Tests run: 3, Failures: 1, Errors: 0, Skipped: 0, Time elapsed: 0.981 s <<< FAILURE! - in bgu.spl.mics.SquadTest
test  Time elapsed: 0 s  <<< FAILURE!
org.opentest4j.AssertionFailedError: expected: <false> but was: <true>
	at bgu.spl.mics.SquadTest.test(SquadTest.java:57)

