-------------------------------------------------------------------------------
Test set: bgu.spl.mics.InventoryTest
-------------------------------------------------------------------------------
Tests run: 2, Failures: 1, Errors: 0, Skipped: 0, Time elapsed: 0 s <<< FAILURE! - in bgu.spl.mics.InventoryTest
test  Time elapsed: 0 s  <<< FAILURE!
org.opentest4j.AssertionFailedError: expected: <true> but was: <false>
	at bgu.spl.mics.InventoryTest.test(InventoryTest.java:43)

